c:\users\董凤坤\desktop\library\library\x64\debug\library.pch
c:\users\董凤坤\desktop\library\library\x64\debug\vc141.pdb
c:\users\董凤坤\desktop\library\library\x64\debug\vc141.idb
c:\users\董凤坤\desktop\library\library\x64\debug\stdafx.obj
c:\users\董凤坤\desktop\library\library\x64\debug\function.obj
c:\users\董凤坤\desktop\library\library\x64\debug\library.obj
c:\users\董凤坤\desktop\library\library\x64\debug\prc.obj
c:\users\董凤坤\desktop\library\x64\debug\library.ilk
c:\users\董凤坤\desktop\library\x64\debug\library.exe
c:\users\董凤坤\desktop\library\x64\debug\library.pdb
c:\users\董凤坤\desktop\library\library\x64\debug\library.res
c:\users\董凤坤\desktop\library\library\x64\debug\library.tlog\cl.command.1.tlog
c:\users\董凤坤\desktop\library\library\x64\debug\library.tlog\cl.read.1.tlog
c:\users\董凤坤\desktop\library\library\x64\debug\library.tlog\cl.write.1.tlog
c:\users\董凤坤\desktop\library\library\x64\debug\library.tlog\link.command.1.tlog
c:\users\董凤坤\desktop\library\library\x64\debug\library.tlog\link.read.1.tlog
c:\users\董凤坤\desktop\library\library\x64\debug\library.tlog\link.write.1.tlog
c:\users\董凤坤\desktop\library\library\x64\debug\library.tlog\rc.command.1.tlog
c:\users\董凤坤\desktop\library\library\x64\debug\library.tlog\rc.read.1.tlog
c:\users\董凤坤\desktop\library\library\x64\debug\library.tlog\rc.write.1.tlog
